<?xml version="1.0" encoding="UTF-8"?>
<!-- Generated by org.testng.reporters.JUnitReportReporter -->
<testsuite skipped="0" hostname="Home-PC" name="com.test2plugs.testcases.Tc_005_addservice" tests="1" failures="0" timestamp="05 Dec 2019 18:23:11 GMT" time="44.808" errors="0">
  <testcase name="addService" time="44.808" classname="com.test2plugs.testcases.Tc_005_addservice"/>
</testsuite> <!-- com.test2plugs.testcases.Tc_005_addservice -->
