<?xml version="1.0" encoding="UTF-8"?>
<!-- Generated by org.testng.reporters.JUnitReportReporter -->
<testsuite skipped="0" hostname="Home-PC" name="com.test2plugs.testcases.Tc_001_login" tests="1" failures="0" timestamp="05 Dec 2019 18:23:11 GMT" time="9.443" errors="0">
  <testcase name="loginUser" time="9.443" classname="com.test2plugs.testcases.Tc_001_login"/>
</testsuite> <!-- com.test2plugs.testcases.Tc_001_login -->
