<?xml version="1.0" encoding="UTF-8"?>
<!-- Generated by org.testng.reporters.JUnitReportReporter -->
<testsuite skipped="0" hostname="Home-PC" name="com.test2plugs.testcases.Tc_002_loginDDT" tests="5" failures="0" timestamp="05 Dec 2019 18:23:11 GMT" time="31.968" errors="0">
  <testcase name="loginUserdata" time="6.091" classname="com.test2plugs.testcases.Tc_002_loginDDT"/>
  <testcase name="loginUserdata" time="7.520" classname="com.test2plugs.testcases.Tc_002_loginDDT"/>
  <testcase name="loginUserdata" time="6.026" classname="com.test2plugs.testcases.Tc_002_loginDDT"/>
  <testcase name="loginUserdata" time="6.163" classname="com.test2plugs.testcases.Tc_002_loginDDT"/>
  <testcase name="loginUserdata" time="6.168" classname="com.test2plugs.testcases.Tc_002_loginDDT"/>
</testsuite> <!-- com.test2plugs.testcases.Tc_002_loginDDT -->
