<?xml version="1.0" encoding="UTF-8"?>
<!-- Generated by org.testng.reporters.JUnitReportReporter -->
<testsuite skipped="0" hostname="Home-PC" name="com.test2plugs.testcases.Tc_002_loginDDT" tests="5" failures="0" timestamp="04 Dec 2019 17:57:46 GMT" time="32.217" errors="0">
  <testcase name="loginUserdata" time="6.049" classname="com.test2plugs.testcases.Tc_002_loginDDT"/>
  <testcase name="loginUserdata" time="6.062" classname="com.test2plugs.testcases.Tc_002_loginDDT"/>
  <testcase name="loginUserdata" time="7.481" classname="com.test2plugs.testcases.Tc_002_loginDDT"/>
  <testcase name="loginUserdata" time="6.530" classname="com.test2plugs.testcases.Tc_002_loginDDT"/>
  <testcase name="loginUserdata" time="6.095" classname="com.test2plugs.testcases.Tc_002_loginDDT"/>
</testsuite> <!-- com.test2plugs.testcases.Tc_002_loginDDT -->
