<?xml version="1.0" encoding="UTF-8"?>
<!-- Generated by org.testng.reporters.JUnitReportReporter -->
<testsuite skipped="0" hostname="Home-PC" name="com.test2plugs.testcases.Tc_003_signup" tests="1" failures="0" timestamp="29 Nov 2019 16:09:14 GMT" time="4.644" errors="0">
  <testcase name="signUp" time="4.644" classname="com.test2plugs.testcases.Tc_003_signup"/>
</testsuite> <!-- com.test2plugs.testcases.Tc_003_signup -->
