<?xml version="1.0" encoding="UTF-8"?>
<!-- Generated by org.testng.reporters.JUnitReportReporter -->
<testsuite skipped="0" hostname="Home-PC" name="com.test2plugs.testcases.Tc_001_login" tests="1" failures="0" timestamp="04 Dec 2019 17:57:46 GMT" time="9.898" errors="0">
  <testcase name="loginUser" time="9.898" classname="com.test2plugs.testcases.Tc_001_login"/>
</testsuite> <!-- com.test2plugs.testcases.Tc_001_login -->
