<?xml version="1.0" encoding="UTF-8"?>
<!-- Generated by org.testng.reporters.JUnitReportReporter -->
<testsuite skipped="0" hostname="Home-PC" name="com.test2plugs.testcases.Tc_002_loginDDT" tests="5" failures="0" timestamp="04 Dec 2019 19:01:33 GMT" time="31.984" errors="0">
  <testcase name="loginUserdata" time="6.082" classname="com.test2plugs.testcases.Tc_002_loginDDT"/>
  <testcase name="loginUserdata" time="6.011" classname="com.test2plugs.testcases.Tc_002_loginDDT"/>
  <testcase name="loginUserdata" time="6.291" classname="com.test2plugs.testcases.Tc_002_loginDDT"/>
  <testcase name="loginUserdata" time="6.187" classname="com.test2plugs.testcases.Tc_002_loginDDT"/>
  <testcase name="loginUserdata" time="7.413" classname="com.test2plugs.testcases.Tc_002_loginDDT"/>
</testsuite> <!-- com.test2plugs.testcases.Tc_002_loginDDT -->
