<?xml version="1.0" encoding="UTF-8"?>
<!-- Generated by org.testng.reporters.JUnitReportReporter -->
<testsuite skipped="0" hostname="Home-PC" name="com.test2plugs.testcases.Tc_005_addservice" tests="1" failures="0" timestamp="04 Dec 2019 19:01:33 GMT" time="45.643" errors="0">
  <testcase name="addService" time="45.643" classname="com.test2plugs.testcases.Tc_005_addservice"/>
</testsuite> <!-- com.test2plugs.testcases.Tc_005_addservice -->
